# JRE version: OpenJDK Runtime Environment (8.0_191-b12) (build 1.8.0_191-8u191-b12-0ubuntu0.18.04.1-b12)
# Java VM: OpenJDK 64-Bit Server VM (25.191-b12 mixed mode linux-amd64 compressed oops)
Heap:
 PSYoungGen      total 36864K, used 10818K [0x00000000d6d80000, 0x00000000db580000, 0x0000000100000000)
  eden space 31744K, 18% used [0x00000000d6d80000,0x00000000d73148f0,0x00000000d8c80000)
  from space 5120K, 99% used [0x00000000db080000,0x00000000db57c040,0x00000000db580000)
  to   space 5120K, 0% used [0x00000000d8c80000,0x00000000d8c80000,0x00000000d9180000)
 ParOldGen       total 84992K, used 40998K [0x0000000084800000, 0x0000000089b00000, 0x00000000d6d80000)
  object space 84992K, 48% used [0x0000000084800000,0x0000000087009938,0x0000000089b00000)
 Metaspace       used 18815K, capacity 19604K, committed 19840K, reserved 1067008K
  class space    used 2633K, capacity 2837K, committed 2944K, reserved 1048576K
GC Heap History (4 events):
Event: 1.264 GC heap before
{Heap before GC invocations=1 (full 0):
 PSYoungGen      total 36864K, used 31744K [0x00000000d6d80000, 0x00000000d9680000, 0x0000000100000000)
  eden space 31744K, 100% used [0x00000000d6d80000,0x00000000d8c80000,0x00000000d8c80000)
  from space 5120K, 0% used [0x00000000d9180000,0x00000000d9180000,0x00000000d9680000)
  to   space 5120K, 0% used [0x00000000d8c80000,0x00000000d8c80000,0x00000000d9180000)
 ParOldGen       total 84992K, used 0K [0x0000000084800000, 0x0000000089b00000, 0x00000000d6d80000)
  object space 84992K, 0% used [0x0000000084800000,0x0000000084800000,0x0000000089b00000)
 Metaspace       used 12624K, capacity 13086K, committed 13440K, reserved 1060864K
  class space    used 1664K, capacity 1820K, committed 1920K, reserved 1048576K
Event: 1.278 GC heap after
Heap after GC invocations=1 (full 0):
 PSYoungGen      total 36864K, used 5098K [0x00000000d6d80000, 0x00000000db580000, 0x0000000100000000)
  eden space 31744K, 0% used [0x00000000d6d80000,0x00000000d6d80000,0x00000000d8c80000)
  from space 5120K, 99% used [0x00000000d8c80000,0x00000000d917abb0,0x00000000d9180000)
  to   space 5120K, 0% used [0x00000000db080000,0x00000000db080000,0x00000000db580000)
 ParOldGen       total 84992K, used 2937K [0x0000000084800000, 0x0000000089b00000, 0x00000000d6d80000)
  object space 84992K, 3% used [0x0000000084800000,0x0000000084ade740,0x0000000089b00000)
 Metaspace       used 12624K, capacity 13086K, committed 13440K, reserved 1060864K
  class space    used 1664K, capacity 1820K, committed 1920K, reserved 1048576K
}
Event: 15.382 GC heap before
{Heap before GC invocations=2 (full 0):
 PSYoungGen      total 36864K, used 36283K [0x00000000d6d80000, 0x00000000db580000, 0x0000000100000000)
  eden space 31744K, 98% used [0x00000000d6d80000,0x00000000d8bf41c8,0x00000000d8c80000)
  from space 5120K, 99% used [0x00000000d8c80000,0x00000000d917abb0,0x00000000d9180000)
  to   space 5120K, 0% used [0x00000000db080000,0x00000000db080000,0x00000000db580000)
 ParOldGen       total 84992K, used 2937K [0x0000000084800000, 0x0000000089b00000, 0x00000000d6d80000)
  object space 84992K, 3% used [0x0000000084800000,0x0000000084ade740,0x0000000089b00000)
 Metaspace       used 18265K, capacity 19046K, committed 19200K, reserved 1064960K
  class space    used 2546K, capacity 2766K, committed 2816K, reserved 1048576K
Event: 15.396 GC heap after
Heap after GC invocations=2 (full 0):
 PSYoungGen      total 36864K, used 5104K [0x00000000d6d80000, 0x00000000db580000, 0x0000000100000000)
  eden space 31744K, 0% used [0x00000000d6d80000,0x00000000d6d80000,0x00000000d8c80000)
  from space 5120K, 99% used [0x00000000db080000,0x00000000db57c040,0x00000000db580000)
  to   space 5120K, 0% used [0x00000000d8c80000,0x00000000d8c80000,0x00000000d9180000)
 ParOldGen       total 84992K, used 7093K [0x0000000084800000, 0x0000000089b00000, 0x00000000d6d80000)
  object space 84992K, 8% used [0x0000000084800000,0x0000000084eed620,0x0000000089b00000)
 Metaspace       used 18265K, capacity 19046K, committed 19200K, reserved 1064960K
  class space    used 2546K, capacity 2766K, committed 2816K, reserved 1048576K
}

