# JRE version: OpenJDK Runtime Environment (8.0_191-b12) (build 1.8.0_191-8u191-b12-0ubuntu0.18.04.1-b12)
# Java VM: OpenJDK 64-Bit Server VM (25.191-b12 mixed mode linux-amd64 compressed oops)
Heap:
 PSYoungGen      total 36864K, used 10079K [0x00000000d6d80000, 0x00000000d9680000, 0x0000000100000000)
  eden space 31744K, 15% used [0x00000000d6d80000,0x00000000d7259340,0x00000000d8c80000)
  from space 5120K, 99% used [0x00000000d9180000,0x00000000d967eb08,0x00000000d9680000)
  to   space 5120K, 0% used [0x00000000d8c80000,0x00000000d8c80000,0x00000000d9180000)
 ParOldGen       total 84992K, used 41919K [0x0000000084800000, 0x0000000089b00000, 0x00000000d6d80000)
  object space 84992K, 49% used [0x0000000084800000,0x00000000870efdc0,0x0000000089b00000)
 Metaspace       used 18120K, capacity 18842K, committed 18944K, reserved 1064960K
  class space    used 2537K, capacity 2752K, committed 2816K, reserved 1048576K
GC Heap History (4 events):
Event: 1.389 GC heap before
{Heap before GC invocations=1 (full 0):
 PSYoungGen      total 36864K, used 31744K [0x00000000d6d80000, 0x00000000d9680000, 0x0000000100000000)
  eden space 31744K, 100% used [0x00000000d6d80000,0x00000000d8c80000,0x00000000d8c80000)
  from space 5120K, 0% used [0x00000000d9180000,0x00000000d9180000,0x00000000d9680000)
  to   space 5120K, 0% used [0x00000000d8c80000,0x00000000d8c80000,0x00000000d9180000)
 ParOldGen       total 84992K, used 0K [0x0000000084800000, 0x0000000089b00000, 0x00000000d6d80000)
  object space 84992K, 0% used [0x0000000084800000,0x0000000084800000,0x0000000089b00000)
 Metaspace       used 12759K, capacity 13210K, committed 13440K, reserved 1060864K
  class space    used 1664K, capacity 1820K, committed 1920K, reserved 1048576K
Event: 1.398 GC heap after
Heap after GC invocations=1 (full 0):
 PSYoungGen      total 36864K, used 5094K [0x00000000d6d80000, 0x00000000d9680000, 0x0000000100000000)
  eden space 31744K, 0% used [0x00000000d6d80000,0x00000000d6d80000,0x00000000d8c80000)
  from space 5120K, 99% used [0x00000000d8c80000,0x00000000d9179bf0,0x00000000d9180000)
  to   space 5120K, 0% used [0x00000000d9180000,0x00000000d9180000,0x00000000d9680000)
 ParOldGen       total 84992K, used 2974K [0x0000000084800000, 0x0000000089b00000, 0x00000000d6d80000)
  object space 84992K, 3% used [0x0000000084800000,0x0000000084ae79d8,0x0000000089b00000)
 Metaspace       used 12759K, capacity 13210K, committed 13440K, reserved 1060864K
  class space    used 1664K, capacity 1820K, committed 1920K, reserved 1048576K
}
Event: 6.341 GC heap before
{Heap before GC invocations=2 (full 0):
 PSYoungGen      total 36864K, used 36189K [0x00000000d6d80000, 0x00000000d9680000, 0x0000000100000000)
  eden space 31744K, 97% used [0x00000000d6d80000,0x00000000d8bdd8c0,0x00000000d8c80000)
  from space 5120K, 99% used [0x00000000d8c80000,0x00000000d9179bf0,0x00000000d9180000)
  to   space 5120K, 0% used [0x00000000d9180000,0x00000000d9180000,0x00000000d9680000)
 ParOldGen       total 84992K, used 2974K [0x0000000084800000, 0x0000000089b00000, 0x00000000d6d80000)
  object space 84992K, 3% used [0x0000000084800000,0x0000000084ae79d8,0x0000000089b00000)
 Metaspace       used 17619K, capacity 18316K, committed 18560K, reserved 1064960K
  class space    used 2462K, capacity 2687K, committed 2688K, reserved 1048576K
Event: 6.359 GC heap after
Heap after GC invocations=2 (full 0):
 PSYoungGen      total 36864K, used 5114K [0x00000000d6d80000, 0x00000000d9680000, 0x0000000100000000)
  eden space 31744K, 0% used [0x00000000d6d80000,0x00000000d6d80000,0x00000000d8c80000)
  from space 5120K, 99% used [0x00000000d9180000,0x00000000d967eb08,0x00000000d9680000)
  to   space 5120K, 0% used [0x00000000d8c80000,0x00000000d8c80000,0x00000000d9180000)
 ParOldGen       total 84992K, used 8014K [0x0000000084800000, 0x0000000089b00000, 0x00000000d6d80000)
  object space 84992K, 9% used [0x0000000084800000,0x0000000084fd3aa8,0x0000000089b00000)
 Metaspace       used 17619K, capacity 18316K, committed 18560K, reserved 1064960K
  class space    used 2462K, capacity 2687K, committed 2688K, reserved 1048576K
}

